{"contracts/bridge/Bridge.sol":{"l":{"32":8,"33":4,"37":9,"38":5,"42":4,"43":4,"47":9,"48":5,"52":5,"53":5,"64":16,"65":16,"66":16,"68":16,"69":8,"72":16,"73":16,"74":8,"76":8,"82":3,"83":1,"87":2,"95":3,"96":3,"97":3,"106":2,"107":2,"108":2,"123":3,"124":3,"125":1,"131":3,"132":3,"146":1,"147":1,"158":9,"159":9,"163":9,"164":9,"173":7,"174":8,"175":6,"178":1,"182":1,"183":1,"184":1,"187":0},"path":"/home/sylph/dev/sfxdx_ru/libertas-sc/contracts/bridge/Bridge.sol","s":{"1":8,"2":9,"3":4,"4":9,"5":5,"6":16,"7":16,"8":16,"9":16,"10":8,"11":16,"12":16,"13":8,"14":8,"15":3,"16":1,"17":2,"18":3,"19":3,"20":3,"21":2,"22":2,"23":2,"24":3,"25":3,"26":1,"27":3,"28":3,"29":1,"30":1,"31":9,"32":9,"33":9,"34":9,"35":7,"36":8,"37":6,"38":1,"39":1,"40":1,"41":1,"42":0},"b":{"1":[4,4],"2":[5,4],"3":[4,0],"4":[5,4],"5":[5,0],"6":[8,8],"7":[16,0],"8":[8,8],"9":[1,2],"10":[1,2],"11":[6,2],"12":[1,0]},"f":{"1":8,"2":9,"3":4,"4":9,"5":5,"6":16,"7":3,"8":2,"9":3,"10":2,"11":3,"12":1,"13":9,"14":7,"15":1},"fnMap":{"1":{"name":"onlyAtStart","line":31,"loc":{"start":{"line":31,"column":4},"end":{"line":34,"column":4}}},"2":{"name":"onlyAtEnd","line":36,"loc":{"start":{"line":36,"column":4},"end":{"line":39,"column":4}}},"3":{"name":"onlyMessangerBot","line":41,"loc":{"start":{"line":41,"column":4},"end":{"line":44,"column":4}}},"4":{"name":"onlyAdmin","line":46,"loc":{"start":{"line":46,"column":4},"end":{"line":49,"column":4}}},"5":{"name":"tokenIsAllowed","line":51,"loc":{"start":{"line":51,"column":4},"end":{"line":54,"column":4}}},"6":{"name":"constructor","line":56,"loc":{"start":{"line":56,"column":4},"end":{"line":79,"column":4}}},"7":{"name":"evacuateTokens","line":81,"loc":{"start":{"line":81,"column":4},"end":{"line":84,"column":4}}},"8":{"name":"setAllowedToken","line":86,"loc":{"start":{"line":86,"column":4},"end":{"line":88,"column":4}}},"9":{"name":"requestBridgingToEnd","line":94,"loc":{"start":{"line":90,"column":4},"end":{"line":98,"column":4}}},"10":{"name":"requestBridgingToStart","line":105,"loc":{"start":{"line":100,"column":4},"end":{"line":109,"column":4}}},"11":{"name":"performBridgingToEnd","line":121,"loc":{"start":{"line":111,"column":4},"end":{"line":133,"column":4}}},"12":{"name":"performBridgingToStart","line":144,"loc":{"start":{"line":135,"column":4},"end":{"line":148,"column":4}}},"13":{"name":"_cloneAndInitializeTokenAtEndForTokenAtStart","line":150,"loc":{"start":{"line":150,"column":4},"end":{"line":170,"column":4}}},"14":{"name":"getEndTokenByStartToken","line":172,"loc":{"start":{"line":172,"column":4},"end":{"line":179,"column":4}}},"15":{"name":"getStartTokenByEndToken","line":181,"loc":{"start":{"line":181,"column":4},"end":{"line":188,"column":4}}}},"statementMap":{"1":{"start":{"line":32,"column":8},"end":{"line":32,"column":40}},"2":{"start":{"line":37,"column":8},"end":{"line":37,"column":39}},"3":{"start":{"line":42,"column":8},"end":{"line":42,"column":77}},"4":{"start":{"line":47,"column":8},"end":{"line":47,"column":70}},"5":{"start":{"line":52,"column":8},"end":{"line":52,"column":53}},"6":{"start":{"line":64,"column":8},"end":{"line":64,"column":29}},"7":{"start":{"line":65,"column":8},"end":{"line":65,"column":51}},"8":{"start":{"line":66,"column":8},"end":{"line":66,"column":52}},"9":{"start":{"line":68,"column":8},"end":{"line":68,"column":1762}},"10":{"start":{"line":69,"column":12},"end":{"line":69,"column":78}},"11":{"start":{"line":72,"column":8},"end":{"line":72,"column":1905}},"12":{"start":{"line":73,"column":10},"end":{"line":73,"column":1952}},"13":{"start":{"line":74,"column":14},"end":{"line":74,"column":48}},"14":{"start":{"line":76,"column":14},"end":{"line":76,"column":88}},"15":{"start":{"line":82,"column":8},"end":{"line":82,"column":68}},"16":{"start":{"line":83,"column":8},"end":{"line":83,"column":48}},"17":{"start":{"line":87,"column":8},"end":{"line":87,"column":38}},"18":{"start":{"line":95,"column":8},"end":{"line":95,"column":37}},"19":{"start":{"line":96,"column":8},"end":{"line":96,"column":77}},"20":{"start":{"line":97,"column":8},"end":{"line":97,"column":70}},"21":{"start":{"line":106,"column":8},"end":{"line":106,"column":37}},"22":{"start":{"line":107,"column":8},"end":{"line":107,"column":63}},"23":{"start":{"line":108,"column":8},"end":{"line":108,"column":85}},"24":{"start":{"line":123,"column":8},"end":{"line":123,"column":67}},"25":{"start":{"line":124,"column":8},"end":{"line":124,"column":3629}},"26":{"start":{"line":125,"column":12},"end":{"line":125,"column":3677}},"27":{"start":{"line":131,"column":8},"end":{"line":131,"column":59}},"28":{"start":{"line":132,"column":8},"end":{"line":132,"column":76}},"29":{"start":{"line":146,"column":8},"end":{"line":146,"column":55}},"30":{"start":{"line":147,"column":8},"end":{"line":147,"column":79}},"31":{"start":{"line":158,"column":8},"end":{"line":158,"column":57}},"32":{"start":{"line":159,"column":8},"end":{"line":159,"column":4645}},"33":{"start":{"line":163,"column":8},"end":{"line":163,"column":39}},"34":{"start":{"line":164,"column":8},"end":{"line":164,"column":4801}},"35":{"start":{"line":173,"column":8},"end":{"line":173,"column":5054}},"36":{"start":{"line":174,"column":12},"end":{"line":174,"column":5117}},"37":{"start":{"line":175,"column":16},"end":{"line":175,"column":47}},"38":{"start":{"line":178,"column":8},"end":{"line":178,"column":25}},"39":{"start":{"line":182,"column":8},"end":{"line":182,"column":5366}},"40":{"start":{"line":183,"column":12},"end":{"line":183,"column":5429}},"41":{"start":{"line":184,"column":16},"end":{"line":184,"column":49}},"42":{"start":{"line":187,"column":8},"end":{"line":187,"column":34}}},"branchMap":{"1":{"line":32,"type":"if","locations":[{"start":{"line":32,"column":8},"end":{"line":32,"column":8}},{"start":{"line":32,"column":8},"end":{"line":32,"column":8}}]},"2":{"line":37,"type":"if","locations":[{"start":{"line":37,"column":8},"end":{"line":37,"column":8}},{"start":{"line":37,"column":8},"end":{"line":37,"column":8}}]},"3":{"line":42,"type":"if","locations":[{"start":{"line":42,"column":8},"end":{"line":42,"column":8}},{"start":{"line":42,"column":8},"end":{"line":42,"column":8}}]},"4":{"line":47,"type":"if","locations":[{"start":{"line":47,"column":8},"end":{"line":47,"column":8}},{"start":{"line":47,"column":8},"end":{"line":47,"column":8}}]},"5":{"line":52,"type":"if","locations":[{"start":{"line":52,"column":8},"end":{"line":52,"column":8}},{"start":{"line":52,"column":8},"end":{"line":52,"column":8}}]},"6":{"line":68,"type":"if","locations":[{"start":{"line":68,"column":8},"end":{"line":68,"column":8}},{"start":{"line":68,"column":8},"end":{"line":68,"column":8}}]},"7":{"line":72,"type":"if","locations":[{"start":{"line":72,"column":8},"end":{"line":72,"column":8}},{"start":{"line":72,"column":8},"end":{"line":72,"column":8}}]},"8":{"line":73,"type":"if","locations":[{"start":{"line":73,"column":10},"end":{"line":73,"column":10}},{"start":{"line":73,"column":10},"end":{"line":73,"column":10}}]},"9":{"line":82,"type":"if","locations":[{"start":{"line":82,"column":8},"end":{"line":82,"column":8}},{"start":{"line":82,"column":8},"end":{"line":82,"column":8}}]},"10":{"line":124,"type":"if","locations":[{"start":{"line":124,"column":8},"end":{"line":124,"column":8}},{"start":{"line":124,"column":8},"end":{"line":124,"column":8}}]},"11":{"line":174,"type":"if","locations":[{"start":{"line":174,"column":12},"end":{"line":174,"column":12}},{"start":{"line":174,"column":12},"end":{"line":174,"column":12}}]},"12":{"line":183,"type":"if","locations":[{"start":{"line":183,"column":12},"end":{"line":183,"column":12}},{"start":{"line":183,"column":12},"end":{"line":183,"column":12}}]}}},"contracts/bridge/BridgedStandardERC20.sol":{"l":{"20":5,"21":5,"36":17,"37":17,"38":17,"39":17,"43":0,"47":0,"51":0,"52":0,"54":0,"59":0,"60":0,"63":0,"67":3,"68":3,"72":2,"73":2},"path":"/home/sylph/dev/sfxdx_ru/libertas-sc/contracts/bridge/BridgedStandardERC20.sol","s":{"1":5,"2":17,"3":17,"4":17,"5":17,"6":0,"7":0,"8":0,"9":0,"10":0,"11":0,"12":0,"13":0,"14":3,"15":3,"16":2,"17":2},"b":{"1":[5,0],"2":[0,0]},"f":{"1":8,"2":5,"3":17,"4":0,"5":0,"6":0,"7":0,"8":3,"9":2},"fnMap":{"1":{"name":"constructor","line":17,"loc":{"start":{"line":17,"column":4},"end":{"line":17,"column":33}}},"2":{"name":"onlyBridge","line":19,"loc":{"start":{"line":19,"column":4},"end":{"line":22,"column":4}}},"3":{"name":"configure","line":35,"loc":{"start":{"line":30,"column":4},"end":{"line":40,"column":4}}},"4":{"name":"name","line":42,"loc":{"start":{"line":42,"column":4},"end":{"line":44,"column":4}}},"5":{"name":"symbol","line":46,"loc":{"start":{"line":46,"column":4},"end":{"line":48,"column":4}}},"6":{"name":"_transfer","line":50,"loc":{"start":{"line":50,"column":4},"end":{"line":56,"column":4}}},"7":{"name":"supportsInterface","line":58,"loc":{"start":{"line":58,"column":4},"end":{"line":64,"column":4}}},"8":{"name":"mint","line":66,"loc":{"start":{"line":66,"column":4},"end":{"line":69,"column":4}}},"9":{"name":"burn","line":71,"loc":{"start":{"line":71,"column":4},"end":{"line":74,"column":4}}}},"statementMap":{"1":{"start":{"line":20,"column":8},"end":{"line":20,"column":71}},"2":{"start":{"line":36,"column":8},"end":{"line":36,"column":23}},"3":{"start":{"line":37,"column":8},"end":{"line":37,"column":37}},"4":{"start":{"line":38,"column":8},"end":{"line":38,"column":21}},"5":{"start":{"line":39,"column":8},"end":{"line":39,"column":25}},"6":{"start":{"line":43,"column":8},"end":{"line":43,"column":21}},"7":{"start":{"line":47,"column":8},"end":{"line":47,"column":23}},"8":{"start":{"line":51,"column":8},"end":{"line":51,"column":1437}},"9":{"start":{"line":52,"column":12},"end":{"line":52,"column":32}},"10":{"start":{"line":54,"column":12},"end":{"line":54,"column":53}},"11":{"start":{"line":59,"column":8},"end":{"line":59,"column":87}},"12":{"start":{"line":60,"column":8},"end":{"line":60,"column":1831}},"13":{"start":{"line":63,"column":8},"end":{"line":63,"column":98}},"14":{"start":{"line":67,"column":8},"end":{"line":67,"column":26}},"15":{"start":{"line":68,"column":8},"end":{"line":68,"column":31}},"16":{"start":{"line":72,"column":8},"end":{"line":72,"column":28}},"17":{"start":{"line":73,"column":8},"end":{"line":73,"column":33}}},"branchMap":{"1":{"line":20,"type":"if","locations":[{"start":{"line":20,"column":8},"end":{"line":20,"column":8}},{"start":{"line":20,"column":8},"end":{"line":20,"column":8}}]},"2":{"line":51,"type":"if","locations":[{"start":{"line":51,"column":8},"end":{"line":51,"column":8}},{"start":{"line":51,"column":8},"end":{"line":51,"column":8}}]}}},"contracts/ILibertasToken.sol":{"l":{},"path":"/home/sylph/dev/sfxdx_ru/libertas-sc/contracts/ILibertasToken.sol","s":{},"b":{},"f":{},"fnMap":{},"statementMap":{},"branchMap":{}},"contracts/interfaces/IBridge.sol":{"l":{},"path":"/home/sylph/dev/sfxdx_ru/libertas-sc/contracts/interfaces/IBridge.sol","s":{},"b":{},"f":{},"fnMap":{},"statementMap":{},"branchMap":{}},"contracts/interfaces/IBridgedStandardERC20.sol":{"l":{},"path":"/home/sylph/dev/sfxdx_ru/libertas-sc/contracts/interfaces/IBridgedStandardERC20.sol","s":{},"b":{},"f":{},"fnMap":{},"statementMap":{},"branchMap":{}},"contracts/interfaces/IUniswapV2Factory.sol":{"l":{},"path":"/home/sylph/dev/sfxdx_ru/libertas-sc/contracts/interfaces/IUniswapV2Factory.sol","s":{},"b":{},"f":{},"fnMap":{},"statementMap":{},"branchMap":{}},"contracts/interfaces/IUniswapV2Router02.sol":{"l":{},"path":"/home/sylph/dev/sfxdx_ru/libertas-sc/contracts/interfaces/IUniswapV2Router02.sol","s":{},"b":{},"f":{},"fnMap":{},"statementMap":{},"branchMap":{}},"contracts/IStakingPool.sol":{"l":{},"path":"/home/sylph/dev/sfxdx_ru/libertas-sc/contracts/IStakingPool.sol","s":{},"b":{},"f":{},"fnMap":{},"statementMap":{},"branchMap":{}},"contracts/LibertasToken.sol":{"l":{"14":17,"18":0,"19":0,"20":0,"21":0,"25":29,"26":2,"28":27,"33":0},"path":"/home/sylph/dev/sfxdx_ru/libertas-sc/contracts/LibertasToken.sol","s":{"1":17,"2":0,"3":0,"4":0,"5":0,"6":29,"7":2,"8":27,"9":0},"b":{"1":[0,0],"2":[2,27]},"f":{"1":17,"2":17,"3":0,"4":29,"5":0},"fnMap":{"1":{"name":"constructor","line":11,"loc":{"start":{"line":11,"column":4},"end":{"line":11,"column":49}}},"2":{"name":"configure","line":13,"loc":{"start":{"line":13,"column":4},"end":{"line":15,"column":4}}},"3":{"name":"approveAndCall","line":17,"loc":{"start":{"line":17,"column":4},"end":{"line":22,"column":4}}},"4":{"name":"_transfer","line":24,"loc":{"start":{"line":24,"column":4},"end":{"line":30,"column":4}}},"5":{"name":"decimals","line":32,"loc":{"start":{"line":32,"column":4},"end":{"line":34,"column":4}}}},"statementMap":{"1":{"start":{"line":14,"column":8},"end":{"line":14,"column":33}},"2":{"start":{"line":18,"column":8},"end":{"line":18,"column":45}},"3":{"start":{"line":19,"column":8},"end":{"line":19,"column":168}},"4":{"start":{"line":20,"column":8},"end":{"line":20,"column":48}},"5":{"start":{"line":21,"column":8},"end":{"line":21,"column":19}},"6":{"start":{"line":25,"column":8},"end":{"line":25,"column":912}},"7":{"start":{"line":26,"column":12},"end":{"line":26,"column":32}},"8":{"start":{"line":28,"column":12},"end":{"line":28,"column":53}},"9":{"start":{"line":33,"column":8},"end":{"line":33,"column":16}}},"branchMap":{"1":{"line":20,"type":"if","locations":[{"start":{"line":20,"column":8},"end":{"line":20,"column":8}},{"start":{"line":20,"column":8},"end":{"line":20,"column":8}}]},"2":{"line":25,"type":"if","locations":[{"start":{"line":25,"column":8},"end":{"line":25,"column":8}},{"start":{"line":25,"column":8},"end":{"line":25,"column":8}}]}}},"contracts/mock/MockContract.sol":{"l":{"109":8,"110":8,"114":0,"115":0,"116":0,"117":0,"122":0,"123":0,"124":0,"129":0,"130":0,"134":0,"138":0,"139":0,"143":0,"147":0,"151":0,"152":0,"156":0,"157":0,"161":0,"165":0,"166":0,"167":0,"171":0,"175":0,"176":0,"180":0,"184":0,"188":0,"189":0,"190":0,"191":0,"195":0,"199":0,"200":0,"204":0,"208":0,"212":0,"213":0,"214":0,"218":0,"219":0,"220":0,"224":0,"225":0,"226":0,"230":0,"231":0,"232":0,"233":0,"237":0,"238":0,"242":0,"243":0,"244":0,"248":0,"252":0,"253":0,"257":0,"262":0,"263":0,"265":0,"267":0,"268":0,"269":0,"271":0,"273":0,"275":0,"278":0,"281":0,"282":0,"283":0,"284":0,"285":0,"286":0,"287":0,"289":0,"292":0,"294":0,"295":0,"296":0,"297":0,"301":0,"302":0,"303":0,"311":0,"312":0,"313":0,"315":0,"319":0,"320":0,"324":0,"325":0,"326":0,"327":0,"331":0,"334":0,"338":0,"341":0,"342":0,"344":0,"345":0,"347":0,"350":0,"351":0,"352":0,"354":0,"355":0,"357":0,"361":0,"362":0,"363":0,"365":0,"366":0,"368":0,"372":0,"373":0,"375":0},"path":"/home/sylph/dev/sfxdx_ru/libertas-sc/contracts/mock/MockContract.sol","s":{"1":8,"2":8,"3":0,"4":0,"5":0,"6":0,"7":0,"8":0,"9":0,"10":0,"11":0,"12":0,"13":0,"14":0,"15":0,"16":0,"17":0,"18":0,"19":0,"20":0,"21":0,"22":0,"23":0,"24":0,"25":0,"26":0,"27":0,"28":0,"29":0,"30":0,"31":0,"32":0,"33":0,"34":0,"35":0,"36":0,"37":0,"38":0,"39":0,"40":0,"41":0,"42":0,"43":0,"44":0,"45":0,"46":0,"47":0,"48":0,"49":0,"50":0,"51":0,"52":0,"53":0,"54":0,"55":0,"56":0,"57":0,"58":0,"59":0,"60":0,"61":0,"62":0,"63":0,"64":0,"65":0,"66":0,"67":0,"68":0,"69":0,"70":0,"71":0,"72":0,"73":0,"74":0,"75":0,"76":0,"77":0,"78":0,"79":0,"80":0,"81":0,"82":0,"83":0,"84":0,"85":0,"86":0,"87":0,"88":0,"89":0,"90":0,"91":0,"92":0,"93":0,"94":0,"95":0,"96":0,"97":0,"98":0,"99":0,"100":0,"101":0,"102":0,"103":0,"104":0,"105":0,"106":0,"107":0,"108":0,"109":0,"110":0,"111":0,"112":0,"113":0,"114":0,"115":0},"b":{"1":[0,0],"2":[0,0],"3":[0,0],"4":[0,0],"5":[0,0],"6":[0,0],"7":[0,0],"8":[0,0],"9":[0,0],"10":[0,0],"11":[0,0]},"f":{"1":8,"2":0,"3":0,"4":0,"5":0,"6":0,"7":0,"8":0,"9":0,"10":0,"11":0,"12":0,"13":0,"14":0,"15":0,"16":0,"17":0,"18":0,"19":0,"20":0,"21":0,"22":0,"23":0,"24":0,"25":0,"26":0,"27":0,"28":0,"29":0,"30":0,"31":0,"32":0,"33":0,"34":0,"35":0,"36":0,"37":0},"fnMap":{"1":{"name":"constructor","line":108,"loc":{"start":{"line":108,"column":1},"end":{"line":111,"column":1}}},"2":{"name":"trackCalldataMock","line":113,"loc":{"start":{"line":113,"column":1},"end":{"line":119,"column":1}}},"3":{"name":"trackMethodIdMock","line":121,"loc":{"start":{"line":121,"column":1},"end":{"line":126,"column":1}}},"4":{"name":"_givenAnyReturn","line":128,"loc":{"start":{"line":128,"column":1},"end":{"line":131,"column":1}}},"5":{"name":"givenAnyReturn","line":133,"loc":{"start":{"line":133,"column":1},"end":{"line":135,"column":1}}},"6":{"name":"givenAnyReturnBool","line":137,"loc":{"start":{"line":137,"column":1},"end":{"line":140,"column":1}}},"7":{"name":"givenAnyReturnUint","line":142,"loc":{"start":{"line":142,"column":1},"end":{"line":144,"column":1}}},"8":{"name":"givenAnyReturnAddress","line":146,"loc":{"start":{"line":146,"column":1},"end":{"line":148,"column":1}}},"9":{"name":"givenAnyRevert","line":150,"loc":{"start":{"line":150,"column":1},"end":{"line":153,"column":1}}},"10":{"name":"givenAnyRevertWithMessage","line":155,"loc":{"start":{"line":155,"column":1},"end":{"line":158,"column":1}}},"11":{"name":"givenAnyRunOutOfGas","line":160,"loc":{"start":{"line":160,"column":1},"end":{"line":162,"column":1}}},"12":{"name":"_givenCalldataReturn","line":164,"loc":{"start":{"line":164,"column":1},"end":{"line":168,"column":1}}},"13":{"name":"givenCalldataReturn","line":170,"loc":{"start":{"line":170,"column":1},"end":{"line":172,"column":1}}},"14":{"name":"givenCalldataReturnBool","line":174,"loc":{"start":{"line":174,"column":1},"end":{"line":177,"column":1}}},"15":{"name":"givenCalldataReturnUint","line":179,"loc":{"start":{"line":179,"column":1},"end":{"line":181,"column":1}}},"16":{"name":"givenCalldataReturnAddress","line":183,"loc":{"start":{"line":183,"column":1},"end":{"line":185,"column":1}}},"17":{"name":"_givenMethodReturn","line":187,"loc":{"start":{"line":187,"column":1},"end":{"line":192,"column":1}}},"18":{"name":"givenMethodReturn","line":194,"loc":{"start":{"line":194,"column":1},"end":{"line":196,"column":1}}},"19":{"name":"givenMethodReturnBool","line":198,"loc":{"start":{"line":198,"column":1},"end":{"line":201,"column":1}}},"20":{"name":"givenMethodReturnUint","line":203,"loc":{"start":{"line":203,"column":1},"end":{"line":205,"column":1}}},"21":{"name":"givenMethodReturnAddress","line":207,"loc":{"start":{"line":207,"column":1},"end":{"line":209,"column":1}}},"22":{"name":"givenCalldataRevert","line":211,"loc":{"start":{"line":211,"column":1},"end":{"line":215,"column":1}}},"23":{"name":"givenMethodRevert","line":217,"loc":{"start":{"line":217,"column":1},"end":{"line":221,"column":1}}},"24":{"name":"givenCalldataRevertWithMessage","line":223,"loc":{"start":{"line":223,"column":1},"end":{"line":227,"column":1}}},"25":{"name":"givenMethodRevertWithMessage","line":229,"loc":{"start":{"line":229,"column":1},"end":{"line":234,"column":1}}},"26":{"name":"givenCalldataRunOutOfGas","line":236,"loc":{"start":{"line":236,"column":1},"end":{"line":239,"column":1}}},"27":{"name":"givenMethodRunOutOfGas","line":241,"loc":{"start":{"line":241,"column":1},"end":{"line":245,"column":1}}},"28":{"name":"invocationCount","line":247,"loc":{"start":{"line":247,"column":1},"end":{"line":249,"column":1}}},"29":{"name":"invocationCountForMethod","line":251,"loc":{"start":{"line":251,"column":1},"end":{"line":254,"column":1}}},"30":{"name":"invocationCountForCalldata","line":256,"loc":{"start":{"line":256,"column":1},"end":{"line":258,"column":1}}},"31":{"name":"reset","line":260,"loc":{"start":{"line":260,"column":1},"end":{"line":298,"column":1}}},"32":{"name":"useAllGas","line":300,"loc":{"start":{"line":300,"column":1},"end":{"line":308,"column":1}}},"33":{"name":"bytesToBytes4","line":310,"loc":{"start":{"line":310,"column":1},"end":{"line":316,"column":1}}},"34":{"name":"uintToBytes","line":318,"loc":{"start":{"line":318,"column":1},"end":{"line":321,"column":1}}},"35":{"name":"updateInvocationCount","line":323,"loc":{"start":{"line":323,"column":1},"end":{"line":328,"column":1}}},"36":{"name":null,"line":333,"loc":{"start":{"line":333,"column":1},"end":{"line":335,"column":1}}},"37":{"name":"fallbackImpl","line":337,"loc":{"start":{"line":337,"column":1},"end":{"line":378,"column":1}}}},"statementMap":{"1":{"start":{"line":109,"column":2},"end":{"line":109,"column":49}},"2":{"start":{"line":110,"column":2},"end":{"line":110,"column":55}},"3":{"start":{"line":114,"column":2},"end":{"line":114,"column":36}},"4":{"start":{"line":115,"column":2},"end":{"line":115,"column":4954}},"5":{"start":{"line":116,"column":3},"end":{"line":116,"column":59}},"6":{"start":{"line":117,"column":3},"end":{"line":117,"column":40}},"7":{"start":{"line":122,"column":2},"end":{"line":122,"column":5167}},"8":{"start":{"line":123,"column":3},"end":{"line":123,"column":61}},"9":{"start":{"line":124,"column":3},"end":{"line":124,"column":46}},"10":{"start":{"line":129,"column":2},"end":{"line":129,"column":35}},"11":{"start":{"line":130,"column":2},"end":{"line":130,"column":31}},"12":{"start":{"line":134,"column":2},"end":{"line":134,"column":26}},"13":{"start":{"line":138,"column":2},"end":{"line":138,"column":30}},"14":{"start":{"line":139,"column":2},"end":{"line":139,"column":35}},"15":{"start":{"line":143,"column":2},"end":{"line":143,"column":39}},"16":{"start":{"line":147,"column":2},"end":{"line":147,"column":54}},"17":{"start":{"line":151,"column":2},"end":{"line":151,"column":35}},"18":{"start":{"line":152,"column":2},"end":{"line":152,"column":27}},"19":{"start":{"line":156,"column":2},"end":{"line":156,"column":35}},"20":{"start":{"line":157,"column":2},"end":{"line":157,"column":32}},"21":{"start":{"line":161,"column":2},"end":{"line":161,"column":37}},"22":{"start":{"line":165,"column":2},"end":{"line":165,"column":42}},"23":{"start":{"line":166,"column":2},"end":{"line":166,"column":38}},"24":{"start":{"line":167,"column":2},"end":{"line":167,"column":24}},"25":{"start":{"line":171,"column":2},"end":{"line":171,"column":37}},"26":{"start":{"line":175,"column":2},"end":{"line":175,"column":30}},"27":{"start":{"line":176,"column":2},"end":{"line":176,"column":46}},"28":{"start":{"line":180,"column":2},"end":{"line":180,"column":50}},"29":{"start":{"line":184,"column":2},"end":{"line":184,"column":65}},"30":{"start":{"line":188,"column":2},"end":{"line":188,"column":37}},"31":{"start":{"line":189,"column":2},"end":{"line":189,"column":44}},"32":{"start":{"line":190,"column":2},"end":{"line":190,"column":40}},"33":{"start":{"line":191,"column":2},"end":{"line":191,"column":26}},"34":{"start":{"line":195,"column":2},"end":{"line":195,"column":35}},"35":{"start":{"line":199,"column":2},"end":{"line":199,"column":30}},"36":{"start":{"line":200,"column":2},"end":{"line":200,"column":44}},"37":{"start":{"line":204,"column":2},"end":{"line":204,"column":48}},"38":{"start":{"line":208,"column":2},"end":{"line":208,"column":63}},"39":{"start":{"line":212,"column":2},"end":{"line":212,"column":42}},"40":{"start":{"line":213,"column":2},"end":{"line":213,"column":33}},"41":{"start":{"line":214,"column":2},"end":{"line":214,"column":24}},"42":{"start":{"line":218,"column":2},"end":{"line":218,"column":37}},"43":{"start":{"line":219,"column":2},"end":{"line":219,"column":44}},"44":{"start":{"line":220,"column":2},"end":{"line":220,"column":26}},"45":{"start":{"line":224,"column":2},"end":{"line":224,"column":42}},"46":{"start":{"line":225,"column":2},"end":{"line":225,"column":38}},"47":{"start":{"line":226,"column":2},"end":{"line":226,"column":24}},"48":{"start":{"line":230,"column":2},"end":{"line":230,"column":37}},"49":{"start":{"line":231,"column":2},"end":{"line":231,"column":44}},"50":{"start":{"line":232,"column":2},"end":{"line":232,"column":41}},"51":{"start":{"line":233,"column":2},"end":{"line":233,"column":26}},"52":{"start":{"line":237,"column":2},"end":{"line":237,"column":44}},"53":{"start":{"line":238,"column":2},"end":{"line":238,"column":24}},"54":{"start":{"line":242,"column":2},"end":{"line":242,"column":37}},"55":{"start":{"line":243,"column":2},"end":{"line":243,"column":46}},"56":{"start":{"line":244,"column":2},"end":{"line":244,"column":26}},"57":{"start":{"line":248,"column":2},"end":{"line":248,"column":20}},"58":{"start":{"line":252,"column":2},"end":{"line":252,"column":37}},"59":{"start":{"line":253,"column":2},"end":{"line":253,"column":77}},"60":{"start":{"line":257,"column":2},"end":{"line":257,"column":75}},"61":{"start":{"line":262,"column":2},"end":{"line":262,"column":57}},"62":{"start":{"line":263,"column":2},"end":{"line":263,"column":40}},"63":{"start":{"line":265,"column":2},"end":{"line":265,"column":9914}},"64":{"start":{"line":267,"column":3},"end":{"line":267,"column":47}},"65":{"start":{"line":268,"column":3},"end":{"line":268,"column":40}},"66":{"start":{"line":269,"column":3},"end":{"line":269,"column":38}},"67":{"start":{"line":271,"column":3},"end":{"line":271,"column":36}},"68":{"start":{"line":273,"column":3},"end":{"line":273,"column":30}},"69":{"start":{"line":275,"column":3},"end":{"line":275,"column":32}},"70":{"start":{"line":278,"column":2},"end":{"line":278,"column":49}},"71":{"start":{"line":281,"column":2},"end":{"line":281,"column":56}},"72":{"start":{"line":282,"column":2},"end":{"line":282,"column":10471}},"73":{"start":{"line":283,"column":3},"end":{"line":283,"column":38}},"74":{"start":{"line":284,"column":3},"end":{"line":284,"column":53}},"75":{"start":{"line":285,"column":3},"end":{"line":285,"column":46}},"76":{"start":{"line":286,"column":3},"end":{"line":286,"column":45}},"77":{"start":{"line":287,"column":3},"end":{"line":287,"column":45}},"78":{"start":{"line":289,"column":3},"end":{"line":289,"column":37}},"79":{"start":{"line":292,"column":2},"end":{"line":292,"column":55}},"80":{"start":{"line":294,"column":2},"end":{"line":294,"column":45}},"81":{"start":{"line":295,"column":2},"end":{"line":295,"column":35}},"82":{"start":{"line":296,"column":2},"end":{"line":296,"column":16}},"83":{"start":{"line":297,"column":2},"end":{"line":297,"column":16}},"84":{"start":{"line":301,"column":2},"end":{"line":301,"column":11066}},"85":{"start":{"line":302,"column":3},"end":{"line":302,"column":9}},"86":{"start":{"line":311,"column":2},"end":{"line":311,"column":12}},"87":{"start":{"line":312,"column":2},"end":{"line":312,"column":11311}},"88":{"start":{"line":313,"column":3},"end":{"line":313,"column":39}},"89":{"start":{"line":315,"column":2},"end":{"line":315,"column":12}},"90":{"start":{"line":319,"column":2},"end":{"line":319,"column":18}},"91":{"start":{"line":324,"column":2},"end":{"line":324,"column":84}},"92":{"start":{"line":325,"column":2},"end":{"line":325,"column":17}},"93":{"start":{"line":326,"column":2},"end":{"line":326,"column":76}},"94":{"start":{"line":327,"column":2},"end":{"line":327,"column":83}},"95":{"start":{"line":334,"column":2},"end":{"line":334,"column":15}},"96":{"start":{"line":338,"column":2},"end":{"line":338,"column":27}},"97":{"start":{"line":341,"column":2},"end":{"line":341,"column":12120}},"98":{"start":{"line":342,"column":3},"end":{"line":342,"column":41}},"99":{"start":{"line":344,"column":2},"end":{"line":344,"column":12224}},"100":{"start":{"line":345,"column":3},"end":{"line":345,"column":13}},"101":{"start":{"line":347,"column":2},"end":{"line":347,"column":54}},"102":{"start":{"line":350,"column":2},"end":{"line":350,"column":12395}},"103":{"start":{"line":351,"column":3},"end":{"line":351,"column":12425}},"104":{"start":{"line":352,"column":4},"end":{"line":352,"column":43}},"105":{"start":{"line":354,"column":3},"end":{"line":354,"column":12533}},"106":{"start":{"line":355,"column":4},"end":{"line":355,"column":14}},"107":{"start":{"line":357,"column":3},"end":{"line":357,"column":41}},"108":{"start":{"line":361,"column":2},"end":{"line":361,"column":12698}},"109":{"start":{"line":362,"column":3},"end":{"line":362,"column":12728}},"110":{"start":{"line":363,"column":4},"end":{"line":363,"column":32}},"111":{"start":{"line":365,"column":3},"end":{"line":365,"column":12814}},"112":{"start":{"line":366,"column":4},"end":{"line":366,"column":14}},"113":{"start":{"line":368,"column":3},"end":{"line":368,"column":30}},"114":{"start":{"line":372,"column":2},"end":{"line":372,"column":138}},"115":{"start":{"line":373,"column":2},"end":{"line":373,"column":22}}},"branchMap":{"1":{"line":115,"type":"if","locations":[{"start":{"line":115,"column":2},"end":{"line":115,"column":2}},{"start":{"line":115,"column":2},"end":{"line":115,"column":2}}]},"2":{"line":122,"type":"if","locations":[{"start":{"line":122,"column":2},"end":{"line":122,"column":2}},{"start":{"line":122,"column":2},"end":{"line":122,"column":2}}]},"3":{"line":324,"type":"if","locations":[{"start":{"line":324,"column":2},"end":{"line":324,"column":2}},{"start":{"line":324,"column":2},"end":{"line":324,"column":2}}]},"4":{"line":341,"type":"if","locations":[{"start":{"line":341,"column":2},"end":{"line":341,"column":2}},{"start":{"line":341,"column":2},"end":{"line":341,"column":2}}]},"5":{"line":344,"type":"if","locations":[{"start":{"line":344,"column":2},"end":{"line":344,"column":2}},{"start":{"line":344,"column":2},"end":{"line":344,"column":2}}]},"6":{"line":350,"type":"if","locations":[{"start":{"line":350,"column":2},"end":{"line":350,"column":2}},{"start":{"line":350,"column":2},"end":{"line":350,"column":2}}]},"7":{"line":351,"type":"if","locations":[{"start":{"line":351,"column":3},"end":{"line":351,"column":3}},{"start":{"line":351,"column":3},"end":{"line":351,"column":3}}]},"8":{"line":354,"type":"if","locations":[{"start":{"line":354,"column":3},"end":{"line":354,"column":3}},{"start":{"line":354,"column":3},"end":{"line":354,"column":3}}]},"9":{"line":361,"type":"if","locations":[{"start":{"line":361,"column":2},"end":{"line":361,"column":2}},{"start":{"line":361,"column":2},"end":{"line":361,"column":2}}]},"10":{"line":362,"type":"if","locations":[{"start":{"line":362,"column":3},"end":{"line":362,"column":3}},{"start":{"line":362,"column":3},"end":{"line":362,"column":3}}]},"11":{"line":365,"type":"if","locations":[{"start":{"line":365,"column":3},"end":{"line":365,"column":3}},{"start":{"line":365,"column":3},"end":{"line":365,"column":3}}]}}},"contracts/mock/MockToken.sol":{"l":{"16":26,"20":0,"28":0,"32":0,"36":0,"37":0,"38":0,"40":0,"49":2,"50":0,"51":0,"52":0,"54":0,"57":2,"58":2,"67":1,"68":0,"69":0,"71":0,"74":1,"79":0},"path":"/home/sylph/dev/sfxdx_ru/libertas-sc/contracts/mock/MockToken.sol","s":{"1":26,"2":0,"3":0,"4":0,"5":0,"6":0,"7":0,"8":0,"9":0,"10":2,"11":0,"12":0,"13":0,"14":0,"15":2,"16":2,"17":1,"18":0,"19":0,"20":0,"21":1,"22":0},"b":{"1":[0,0],"2":[0,0],"3":[0,2],"4":[0,0],"5":[0,1],"6":[0,0]},"f":{"1":26,"2":0,"3":0,"4":0,"5":0,"6":2,"7":1,"8":0},"fnMap":{"1":{"name":"constructor","line":15,"loc":{"start":{"line":11,"column":4},"end":{"line":17,"column":4}}},"2":{"name":"setBlockTransfers","line":19,"loc":{"start":{"line":19,"column":4},"end":{"line":21,"column":4}}},"3":{"name":"setTransfersAllowed","line":23,"loc":{"start":{"line":23,"column":4},"end":{"line":29,"column":4}}},"4":{"name":"setBlockTransfersFrom","line":31,"loc":{"start":{"line":31,"column":4},"end":{"line":33,"column":4}}},"5":{"name":"setBalanceOf","line":35,"loc":{"start":{"line":35,"column":4},"end":{"line":42,"column":4}}},"6":{"name":"transfer","line":44,"loc":{"start":{"line":44,"column":4},"end":{"line":60,"column":4}}},"7":{"name":"transferFrom","line":62,"loc":{"start":{"line":62,"column":4},"end":{"line":76,"column":4}}},"8":{"name":"mint","line":78,"loc":{"start":{"line":78,"column":4},"end":{"line":80,"column":4}}}},"statementMap":{"1":{"start":{"line":16,"column":8},"end":{"line":16,"column":39}},"2":{"start":{"line":20,"column":8},"end":{"line":20,"column":30}},"3":{"start":{"line":28,"column":8},"end":{"line":28,"column":53}},"4":{"start":{"line":32,"column":8},"end":{"line":32,"column":34}},"5":{"start":{"line":36,"column":8},"end":{"line":36,"column":40}},"6":{"start":{"line":37,"column":8},"end":{"line":37,"column":955}},"7":{"start":{"line":38,"column":12},"end":{"line":38,"column":39}},"8":{"start":{"line":39,"column":15},"end":{"line":39,"column":1036}},"9":{"start":{"line":40,"column":12},"end":{"line":40,"column":39}},"10":{"start":{"line":49,"column":8},"end":{"line":49,"column":1245}},"11":{"start":{"line":50,"column":12},"end":{"line":50,"column":1283}},"12":{"start":{"line":51,"column":16},"end":{"line":51,"column":61}},"13":{"start":{"line":52,"column":16},"end":{"line":52,"column":27}},"14":{"start":{"line":54,"column":16},"end":{"line":54,"column":28}},"15":{"start":{"line":57,"column":12},"end":{"line":57,"column":57}},"16":{"start":{"line":58,"column":12},"end":{"line":58,"column":23}},"17":{"start":{"line":67,"column":8},"end":{"line":67,"column":1751}},"18":{"start":{"line":68,"column":12},"end":{"line":68,"column":1793}},"19":{"start":{"line":69,"column":16},"end":{"line":69,"column":68}},"20":{"start":{"line":71,"column":16},"end":{"line":71,"column":28}},"21":{"start":{"line":74,"column":12},"end":{"line":74,"column":64}},"22":{"start":{"line":79,"column":8},"end":{"line":79,"column":29}}},"branchMap":{"1":{"line":37,"type":"if","locations":[{"start":{"line":37,"column":8},"end":{"line":37,"column":8}},{"start":{"line":37,"column":8},"end":{"line":37,"column":8}}]},"2":{"line":39,"type":"if","locations":[{"start":{"line":39,"column":15},"end":{"line":39,"column":15}},{"start":{"line":39,"column":15},"end":{"line":39,"column":15}}]},"3":{"line":49,"type":"if","locations":[{"start":{"line":49,"column":8},"end":{"line":49,"column":8}},{"start":{"line":49,"column":8},"end":{"line":49,"column":8}}]},"4":{"line":50,"type":"if","locations":[{"start":{"line":50,"column":12},"end":{"line":50,"column":12}},{"start":{"line":50,"column":12},"end":{"line":50,"column":12}}]},"5":{"line":67,"type":"if","locations":[{"start":{"line":67,"column":8},"end":{"line":67,"column":8}},{"start":{"line":67,"column":8},"end":{"line":67,"column":8}}]},"6":{"line":68,"type":"if","locations":[{"start":{"line":68,"column":12},"end":{"line":68,"column":12}},{"start":{"line":68,"column":12},"end":{"line":68,"column":12}}]}}},"contracts/proxy/LibertasProxyAdmin.sol":{"l":{},"path":"/home/sylph/dev/sfxdx_ru/libertas-sc/contracts/proxy/LibertasProxyAdmin.sol","s":{},"b":{},"f":{},"fnMap":{},"statementMap":{},"branchMap":{}},"contracts/proxy/LibertasUpgradeableProxy.sol":{"l":{},"path":"/home/sylph/dev/sfxdx_ru/libertas-sc/contracts/proxy/LibertasUpgradeableProxy.sol","s":{},"b":{},"f":{"1":0},"fnMap":{"1":{"name":"constructor","line":22,"loc":{"start":{"line":11,"column":4},"end":{"line":22,"column":7}}}},"statementMap":{},"branchMap":{}},"contracts/StakingPool.sol":{"l":{"20":9,"24":4,"25":4,"26":0,"27":0,"28":0,"31":4,"32":4,"33":4,"34":4,"36":4,"37":4,"41":3,"42":3,"43":3,"44":3,"45":0,"47":3,"48":3,"49":3,"50":3,"52":3,"53":3,"57":2,"58":0,"60":2,"61":2,"62":2,"63":2,"65":2,"69":0,"70":0,"72":0,"73":0,"74":0,"78":0,"79":0,"80":0,"81":0,"82":0,"83":0,"87":2,"88":1,"90":1,"94":2,"95":2,"96":0,"98":2},"path":"/home/sylph/dev/sfxdx_ru/libertas-sc/contracts/StakingPool.sol","s":{"1":9,"2":4,"3":4,"4":0,"5":0,"6":0,"7":4,"8":4,"9":4,"10":4,"11":4,"12":4,"13":3,"14":3,"15":3,"16":3,"17":0,"18":3,"19":3,"20":3,"21":3,"22":3,"23":3,"24":2,"25":0,"26":2,"27":2,"28":2,"29":2,"30":2,"31":0,"32":0,"33":0,"34":0,"35":0,"36":0,"37":0,"38":0,"39":0,"40":0,"41":0,"42":2,"43":1,"44":1,"45":2,"46":2,"47":0,"48":2},"b":{"1":[0,4],"2":[0,0],"3":[4,0],"4":[4,0],"5":[3,0],"6":[0,3],"7":[3,0],"8":[0,2],"9":[2,0],"10":[0,0],"11":[1,1],"12":[0,2]},"f":{"1":9,"2":4,"3":3,"4":2,"5":0,"6":0,"7":2,"8":2},"fnMap":{"1":{"name":"constructor","line":19,"loc":{"start":{"line":19,"column":4},"end":{"line":21,"column":4}}},"2":{"name":"deposit","line":23,"loc":{"start":{"line":23,"column":4},"end":{"line":38,"column":4}}},"3":{"name":"withdraw","line":40,"loc":{"start":{"line":40,"column":4},"end":{"line":54,"column":4}}},"4":{"name":"claim","line":56,"loc":{"start":{"line":56,"column":4},"end":{"line":66,"column":4}}},"5":{"name":"availableReward","line":68,"loc":{"start":{"line":68,"column":4},"end":{"line":75,"column":4}}},"6":{"name":"emergencyWithdraw","line":77,"loc":{"start":{"line":77,"column":4},"end":{"line":84,"column":4}}},"7":{"name":"supplyReward","line":86,"loc":{"start":{"line":86,"column":4},"end":{"line":91,"column":4}}},"8":{"name":"safeLIBERTASTransfer","line":93,"loc":{"start":{"line":93,"column":4},"end":{"line":100,"column":4}}}},"statementMap":{"1":{"start":{"line":20,"column":8},"end":{"line":20,"column":27}},"2":{"start":{"line":24,"column":8},"end":{"line":24,"column":52}},"3":{"start":{"line":25,"column":8},"end":{"line":25,"column":593}},"4":{"start":{"line":26,"column":12},"end":{"line":26,"column":98}},"5":{"start":{"line":27,"column":12},"end":{"line":27,"column":732}},"6":{"start":{"line":28,"column":16},"end":{"line":28,"column":56}},"7":{"start":{"line":31,"column":8},"end":{"line":31,"column":838}},"8":{"start":{"line":32,"column":12},"end":{"line":32,"column":115}},"9":{"start":{"line":33,"column":12},"end":{"line":33,"column":48}},"10":{"start":{"line":34,"column":12},"end":{"line":34,"column":54}},"11":{"start":{"line":36,"column":8},"end":{"line":36,"column":72}},"12":{"start":{"line":37,"column":8},"end":{"line":37,"column":40}},"13":{"start":{"line":41,"column":8},"end":{"line":41,"column":52}},"14":{"start":{"line":42,"column":8},"end":{"line":42,"column":58}},"15":{"start":{"line":43,"column":8},"end":{"line":43,"column":94}},"16":{"start":{"line":44,"column":8},"end":{"line":44,"column":1482}},"17":{"start":{"line":45,"column":12},"end":{"line":45,"column":52}},"18":{"start":{"line":47,"column":8},"end":{"line":47,"column":1574}},"19":{"start":{"line":48,"column":12},"end":{"line":48,"column":48}},"20":{"start":{"line":49,"column":12},"end":{"line":49,"column":54}},"21":{"start":{"line":50,"column":12},"end":{"line":50,"column":65}},"22":{"start":{"line":52,"column":8},"end":{"line":52,"column":72}},"23":{"start":{"line":53,"column":8},"end":{"line":53,"column":41}},"24":{"start":{"line":57,"column":8},"end":{"line":57,"column":1941}},"25":{"start":{"line":58,"column":12},"end":{"line":58,"column":18}},"26":{"start":{"line":60,"column":8},"end":{"line":60,"column":52}},"27":{"start":{"line":61,"column":8},"end":{"line":61,"column":94}},"28":{"start":{"line":62,"column":8},"end":{"line":62,"column":2169}},"29":{"start":{"line":63,"column":12},"end":{"line":63,"column":52}},"30":{"start":{"line":65,"column":8},"end":{"line":65,"column":72}},"31":{"start":{"line":69,"column":8},"end":{"line":69,"column":2406}},"32":{"start":{"line":70,"column":12},"end":{"line":70,"column":20}},"33":{"start":{"line":72,"column":8},"end":{"line":72,"column":52}},"34":{"start":{"line":73,"column":8},"end":{"line":73,"column":94}},"35":{"start":{"line":74,"column":8},"end":{"line":74,"column":22}},"36":{"start":{"line":78,"column":8},"end":{"line":78,"column":52}},"37":{"start":{"line":79,"column":8},"end":{"line":79,"column":36}},"38":{"start":{"line":80,"column":8},"end":{"line":80,"column":22}},"39":{"start":{"line":81,"column":8},"end":{"line":81,"column":26}},"40":{"start":{"line":82,"column":8},"end":{"line":82,"column":47}},"41":{"start":{"line":83,"column":8},"end":{"line":83,"column":50}},"42":{"start":{"line":87,"column":8},"end":{"line":87,"column":3015}},"43":{"start":{"line":88,"column":12},"end":{"line":88,"column":18}},"44":{"start":{"line":90,"column":8},"end":{"line":90,"column":92}},"45":{"start":{"line":94,"column":8},"end":{"line":94,"column":81}},"46":{"start":{"line":95,"column":8},"end":{"line":95,"column":3340}},"47":{"start":{"line":96,"column":12},"end":{"line":96,"column":64}},"48":{"start":{"line":98,"column":12},"end":{"line":98,"column":59}}},"branchMap":{"1":{"line":25,"type":"if","locations":[{"start":{"line":25,"column":8},"end":{"line":25,"column":8}},{"start":{"line":25,"column":8},"end":{"line":25,"column":8}}]},"2":{"line":27,"type":"if","locations":[{"start":{"line":27,"column":12},"end":{"line":27,"column":12}},{"start":{"line":27,"column":12},"end":{"line":27,"column":12}}]},"3":{"line":31,"type":"if","locations":[{"start":{"line":31,"column":8},"end":{"line":31,"column":8}},{"start":{"line":31,"column":8},"end":{"line":31,"column":8}}]},"4":{"line":32,"type":"if","locations":[{"start":{"line":32,"column":12},"end":{"line":32,"column":12}},{"start":{"line":32,"column":12},"end":{"line":32,"column":12}}]},"5":{"line":42,"type":"if","locations":[{"start":{"line":42,"column":8},"end":{"line":42,"column":8}},{"start":{"line":42,"column":8},"end":{"line":42,"column":8}}]},"6":{"line":44,"type":"if","locations":[{"start":{"line":44,"column":8},"end":{"line":44,"column":8}},{"start":{"line":44,"column":8},"end":{"line":44,"column":8}}]},"7":{"line":47,"type":"if","locations":[{"start":{"line":47,"column":8},"end":{"line":47,"column":8}},{"start":{"line":47,"column":8},"end":{"line":47,"column":8}}]},"8":{"line":57,"type":"if","locations":[{"start":{"line":57,"column":8},"end":{"line":57,"column":8}},{"start":{"line":57,"column":8},"end":{"line":57,"column":8}}]},"9":{"line":62,"type":"if","locations":[{"start":{"line":62,"column":8},"end":{"line":62,"column":8}},{"start":{"line":62,"column":8},"end":{"line":62,"column":8}}]},"10":{"line":69,"type":"if","locations":[{"start":{"line":69,"column":8},"end":{"line":69,"column":8}},{"start":{"line":69,"column":8},"end":{"line":69,"column":8}}]},"11":{"line":87,"type":"if","locations":[{"start":{"line":87,"column":8},"end":{"line":87,"column":8}},{"start":{"line":87,"column":8},"end":{"line":87,"column":8}}]},"12":{"line":95,"type":"if","locations":[{"start":{"line":95,"column":8},"end":{"line":95,"column":8}},{"start":{"line":95,"column":8},"end":{"line":95,"column":8}}]}}},"contracts/Tipping.sol":{"l":{"27":9,"28":9,"29":9,"30":9,"31":9,"32":9,"36":0,"37":0,"41":0,"45":0,"49":0,"53":0,"54":0,"58":0,"59":0,"63":0,"64":0,"68":2,"70":2,"71":2,"72":2,"73":2,"74":2,"76":2,"77":2,"81":0,"85":8,"89":2,"90":2,"91":2,"95":2,"96":2,"97":2,"98":2,"100":2},"path":"/home/sylph/dev/sfxdx_ru/libertas-sc/contracts/Tipping.sol","s":{"1":9,"2":9,"3":9,"4":9,"5":9,"6":9,"7":0,"8":0,"9":0,"10":0,"11":0,"12":0,"13":0,"14":0,"15":0,"16":0,"17":2,"18":2,"19":2,"20":2,"21":2,"22":2,"23":2,"24":2,"25":0,"26":8,"27":2,"28":2,"29":2,"30":2,"31":2,"32":2,"33":2,"34":2},"b":{"1":[0,0],"2":[2,0],"3":[2,0]},"f":{"1":9,"2":0,"3":0,"4":0,"5":0,"6":0,"7":0,"8":0,"9":2,"10":0,"11":8,"12":2,"13":2},"fnMap":{"1":{"name":"constructor","line":19,"loc":{"start":{"line":19,"column":4},"end":{"line":33,"column":4}}},"2":{"name":"validRate","line":35,"loc":{"start":{"line":35,"column":4},"end":{"line":38,"column":4}}},"3":{"name":"setStakingVaultAddress","line":40,"loc":{"start":{"line":40,"column":4},"end":{"line":42,"column":4}}},"4":{"name":"setLibertasAddress","line":44,"loc":{"start":{"line":44,"column":4},"end":{"line":46,"column":4}}},"5":{"name":"setFundVaultAddress","line":48,"loc":{"start":{"line":48,"column":4},"end":{"line":50,"column":4}}},"6":{"name":"setBurnRate","line":52,"loc":{"start":{"line":52,"column":4},"end":{"line":55,"column":4}}},"7":{"name":"setFundRate","line":57,"loc":{"start":{"line":57,"column":4},"end":{"line":60,"column":4}}},"8":{"name":"setRewardRate","line":62,"loc":{"start":{"line":62,"column":4},"end":{"line":65,"column":4}}},"9":{"name":"transfer","line":67,"loc":{"start":{"line":67,"column":4},"end":{"line":78,"column":4}}},"10":{"name":"_transferFrom","line":80,"loc":{"start":{"line":80,"column":4},"end":{"line":82,"column":4}}},"11":{"name":"_transfer","line":84,"loc":{"start":{"line":84,"column":4},"end":{"line":86,"column":4}}},"12":{"name":"_validateTransfer","line":88,"loc":{"start":{"line":88,"column":4},"end":{"line":92,"column":4}}},"13":{"name":"_getValues","line":94,"loc":{"start":{"line":94,"column":4},"end":{"line":101,"column":4}}}},"statementMap":{"1":{"start":{"line":27,"column":8},"end":{"line":27,"column":37}},"2":{"start":{"line":28,"column":8},"end":{"line":28,"column":27}},"3":{"start":{"line":29,"column":8},"end":{"line":29,"column":31}},"4":{"start":{"line":30,"column":8},"end":{"line":30,"column":27}},"5":{"start":{"line":31,"column":8},"end":{"line":31,"column":27}},"6":{"start":{"line":32,"column":8},"end":{"line":32,"column":31}},"7":{"start":{"line":36,"column":8},"end":{"line":36,"column":56}},"8":{"start":{"line":41,"column":8},"end":{"line":41,"column":37}},"9":{"start":{"line":45,"column":8},"end":{"line":45,"column":27}},"10":{"start":{"line":49,"column":8},"end":{"line":49,"column":31}},"11":{"start":{"line":53,"column":8},"end":{"line":53,"column":27}},"12":{"start":{"line":54,"column":8},"end":{"line":54,"column":19}},"13":{"start":{"line":58,"column":8},"end":{"line":58,"column":27}},"14":{"start":{"line":59,"column":8},"end":{"line":59,"column":19}},"15":{"start":{"line":63,"column":8},"end":{"line":63,"column":31}},"16":{"start":{"line":64,"column":8},"end":{"line":64,"column":19}},"17":{"start":{"line":68,"column":8},"end":{"line":68,"column":43}},"18":{"start":{"line":70,"column":8},"end":{"line":70,"column":100}},"19":{"start":{"line":71,"column":8},"end":{"line":71,"column":30}},"20":{"start":{"line":72,"column":8},"end":{"line":72,"column":37}},"21":{"start":{"line":73,"column":8},"end":{"line":73,"column":38}},"22":{"start":{"line":74,"column":8},"end":{"line":74,"column":43}},"23":{"start":{"line":76,"column":8},"end":{"line":76,"column":59}},"24":{"start":{"line":77,"column":8},"end":{"line":77,"column":19}},"25":{"start":{"line":81,"column":8},"end":{"line":81,"column":66}},"26":{"start":{"line":85,"column":8},"end":{"line":85,"column":55}},"27":{"start":{"line":89,"column":8},"end":{"line":89,"column":69}},"28":{"start":{"line":90,"column":8},"end":{"line":90,"column":56}},"29":{"start":{"line":91,"column":8},"end":{"line":91,"column":107}},"30":{"start":{"line":95,"column":8},"end":{"line":95,"column":58}},"31":{"start":{"line":96,"column":8},"end":{"line":96,"column":58}},"32":{"start":{"line":97,"column":8},"end":{"line":97,"column":62}},"33":{"start":{"line":98,"column":8},"end":{"line":98,"column":75}},"34":{"start":{"line":100,"column":8},"end":{"line":100,"column":54}}},"branchMap":{"1":{"line":36,"type":"if","locations":[{"start":{"line":36,"column":8},"end":{"line":36,"column":8}},{"start":{"line":36,"column":8},"end":{"line":36,"column":8}}]},"2":{"line":90,"type":"if","locations":[{"start":{"line":90,"column":8},"end":{"line":90,"column":8}},{"start":{"line":90,"column":8},"end":{"line":90,"column":8}}]},"3":{"line":91,"type":"if","locations":[{"start":{"line":91,"column":8},"end":{"line":91,"column":8}},{"start":{"line":91,"column":8},"end":{"line":91,"column":8}}]}}}}