TN:
SF:/home/sylph/dev/sfxdx_ru/libertas-sc/contracts/bridge/Bridge.sol
FN:32,onlyAtStart
FN:37,onlyAtEnd
FN:42,onlyMessangerBot
FN:47,onlyAdmin
FN:52,tokenIsAllowed
FN:57,constructor
FN:80,evacuateTokens
FN:85,setAdmin
FN:89,setAllowedToken
FN:97,requestBridgingToEnd
FN:108,requestBridgingToStart
FN:124,performBridgingToEnd
FN:147,performBridgingToStart
FN:153,_cloneAndInitializeTokenAtEndForTokenAtStart
FN:175,getEndTokenByStartToken
FN:184,getStartTokenByEndToken
FNF:16
FNH:16
FNDA:12,onlyAtStart
FNDA:15,onlyAtEnd
FNDA:10,onlyMessangerBot
FNDA:10,onlyAdmin
FNDA:9,tokenIsAllowed
FNDA:30,constructor
FNDA:3,evacuateTokens
FNDA:1,setAdmin
FNDA:2,setAllowedToken
FNDA:3,requestBridgingToEnd
FNDA:2,requestBridgingToStart
FNDA:5,performBridgingToEnd
FNDA:1,performBridgingToStart
FNDA:16,_cloneAndInitializeTokenAtEndForTokenAtStart
FNDA:13,getEndTokenByStartToken
FNDA:2,getStartTokenByEndToken
DA:33,12
DA:34,8
DA:38,15
DA:39,11
DA:43,10
DA:44,6
DA:48,10
DA:49,6
DA:53,9
DA:54,5
DA:65,30
DA:66,30
DA:67,30
DA:69,30
DA:70,15
DA:73,30
DA:74,15
DA:76,15
DA:81,3
DA:82,1
DA:86,1
DA:90,2
DA:98,3
DA:99,3
DA:100,3
DA:109,2
DA:110,2
DA:111,2
DA:126,5
DA:127,5
DA:128,1
DA:134,5
DA:135,5
DA:149,1
DA:150,1
DA:161,16
DA:162,16
DA:166,16
DA:167,16
DA:176,13
DA:177,14
DA:178,12
DA:181,1
DA:185,2
DA:186,2
DA:187,1
DA:190,1
LF:47
LH:47
BRDA:33,1,0,8
BRDA:33,1,1,4
BRDA:38,2,0,11
BRDA:38,2,1,4
BRDA:43,3,0,6
BRDA:43,3,1,4
BRDA:48,4,0,6
BRDA:48,4,1,4
BRDA:53,5,0,5
BRDA:53,5,1,4
BRDA:69,6,0,15
BRDA:69,6,1,15
BRDA:73,7,0,15
BRDA:73,7,1,15
BRDA:81,8,0,1
BRDA:81,8,1,2
BRDA:127,9,0,1
BRDA:127,9,1,4
BRDA:177,10,0,12
BRDA:177,10,1,2
BRDA:186,11,0,1
BRDA:186,11,1,1
BRF:22
BRH:22
end_of_record
TN:
SF:/home/sylph/dev/sfxdx_ru/libertas-sc/contracts/bridge/BridgedStandardERC20.sol
FN:22,constructor
FN:24,onlyBridge
FN:40,configure
FN:47,name
FN:51,symbol
FN:55,_transfer
FN:64,mint
FN:69,burn
FNF:8
FNH:8
FNDA:15,constructor
FNDA:11,onlyBridge
FNDA:31,configure
FNDA:2,name
FNDA:2,symbol
FNDA:2,_transfer
FNDA:5,mint
FNDA:2,burn
DA:25,11
DA:26,7
DA:41,31
DA:42,31
DA:43,31
DA:44,31
DA:48,2
DA:52,2
DA:56,2
DA:57,1
DA:58,1
DA:60,1
DA:65,5
DA:66,5
DA:70,2
DA:71,2
LF:16
LH:16
BRDA:25,1,0,7
BRDA:25,1,1,4
BRDA:56,2,0,1
BRDA:56,2,1,1
BRF:4
BRH:4
end_of_record
TN:
SF:/home/sylph/dev/sfxdx_ru/libertas-sc/contracts/ILibertasToken.sol
FNF:0
FNH:0
LF:0
LH:0
BRF:0
BRH:0
end_of_record
TN:
SF:/home/sylph/dev/sfxdx_ru/libertas-sc/contracts/interfaces/IBridge.sol
FNF:0
FNH:0
LF:0
LH:0
BRF:0
BRH:0
end_of_record
TN:
SF:/home/sylph/dev/sfxdx_ru/libertas-sc/contracts/interfaces/IBridgedStandardERC20.sol
FNF:0
FNH:0
LF:0
LH:0
BRF:0
BRH:0
end_of_record
TN:
SF:/home/sylph/dev/sfxdx_ru/libertas-sc/contracts/interfaces/IUniswapV2Factory.sol
FNF:0
FNH:0
LF:0
LH:0
BRF:0
BRH:0
end_of_record
TN:
SF:/home/sylph/dev/sfxdx_ru/libertas-sc/contracts/interfaces/IUniswapV2Router02.sol
FNF:0
FNH:0
LF:0
LH:0
BRF:0
BRH:0
end_of_record
TN:
SF:/home/sylph/dev/sfxdx_ru/libertas-sc/contracts/IStakingPool.sol
FNF:0
FNH:0
LF:0
LH:0
BRF:0
BRH:0
end_of_record
TN:
SF:/home/sylph/dev/sfxdx_ru/libertas-sc/contracts/LibertasToken.sol
FN:11,constructor
FN:15,configure
FN:19,approveAndCall
FN:26,_transfer
FN:34,decimals
FNF:5
FNH:5
FNDA:42,constructor
FNDA:42,configure
FNDA:3,approveAndCall
FNDA:52,_transfer
FNDA:1,decimals
DA:16,42
DA:20,3
DA:21,3
DA:22,3
DA:23,1
DA:27,52
DA:28,2
DA:30,50
DA:35,1
LF:9
LH:9
BRDA:22,1,0,1
BRDA:22,1,1,2
BRDA:27,2,0,2
BRDA:27,2,1,50
BRF:4
BRH:4
end_of_record
TN:
SF:/home/sylph/dev/sfxdx_ru/libertas-sc/contracts/mock/MockContract.sol
FN:108,constructor
FN:113,trackCalldataMock
FN:121,trackMethodIdMock
FN:128,_givenAnyReturn
FN:133,givenAnyReturn
FN:137,givenAnyReturnBool
FN:142,givenAnyReturnUint
FN:146,givenAnyReturnAddress
FN:150,givenAnyRevert
FN:155,givenAnyRevertWithMessage
FN:160,givenAnyRunOutOfGas
FN:164,_givenCalldataReturn
FN:170,givenCalldataReturn
FN:174,givenCalldataReturnBool
FN:179,givenCalldataReturnUint
FN:183,givenCalldataReturnAddress
FN:187,_givenMethodReturn
FN:194,givenMethodReturn
FN:198,givenMethodReturnBool
FN:203,givenMethodReturnUint
FN:207,givenMethodReturnAddress
FN:211,givenCalldataRevert
FN:217,givenMethodRevert
FN:223,givenCalldataRevertWithMessage
FN:229,givenMethodRevertWithMessage
FN:236,givenCalldataRunOutOfGas
FN:241,givenMethodRunOutOfGas
FN:247,invocationCount
FN:251,invocationCountForMethod
FN:256,invocationCountForCalldata
FN:260,reset
FN:300,useAllGas
FN:310,bytesToBytes4
FN:318,uintToBytes
FN:323,updateInvocationCount
FN:333,
FN:337,fallbackImpl
FNF:37
FNH:8
FNDA:16,constructor
FNDA:0,trackCalldataMock
FNDA:0,trackMethodIdMock
FNDA:1,_givenAnyReturn
FNDA:0,givenAnyReturn
FNDA:1,givenAnyReturnBool
FNDA:0,givenAnyReturnUint
FNDA:0,givenAnyReturnAddress
FNDA:1,givenAnyRevert
FNDA:0,givenAnyRevertWithMessage
FNDA:0,givenAnyRunOutOfGas
FNDA:0,_givenCalldataReturn
FNDA:0,givenCalldataReturn
FNDA:0,givenCalldataReturnBool
FNDA:0,givenCalldataReturnUint
FNDA:0,givenCalldataReturnAddress
FNDA:0,_givenMethodReturn
FNDA:0,givenMethodReturn
FNDA:0,givenMethodReturnBool
FNDA:0,givenMethodReturnUint
FNDA:0,givenMethodReturnAddress
FNDA:0,givenCalldataRevert
FNDA:0,givenMethodRevert
FNDA:0,givenCalldataRevertWithMessage
FNDA:0,givenMethodRevertWithMessage
FNDA:0,givenCalldataRunOutOfGas
FNDA:0,givenMethodRunOutOfGas
FNDA:0,invocationCount
FNDA:0,invocationCountForMethod
FNDA:0,invocationCountForCalldata
FNDA:0,reset
FNDA:0,useAllGas
FNDA:0,bytesToBytes4
FNDA:1,uintToBytes
FNDA:1,updateInvocationCount
FNDA:3,
FNDA:3,fallbackImpl
DA:109,16
DA:110,16
DA:114,0
DA:115,0
DA:116,0
DA:117,0
DA:122,0
DA:123,0
DA:124,0
DA:129,1
DA:130,1
DA:134,0
DA:138,1
DA:139,1
DA:143,0
DA:147,0
DA:151,1
DA:152,1
DA:156,0
DA:157,0
DA:161,0
DA:165,0
DA:166,0
DA:167,0
DA:171,0
DA:175,0
DA:176,0
DA:180,0
DA:184,0
DA:188,0
DA:189,0
DA:190,0
DA:191,0
DA:195,0
DA:199,0
DA:200,0
DA:204,0
DA:208,0
DA:212,0
DA:213,0
DA:214,0
DA:218,0
DA:219,0
DA:220,0
DA:224,0
DA:225,0
DA:226,0
DA:230,0
DA:231,0
DA:232,0
DA:233,0
DA:237,0
DA:238,0
DA:242,0
DA:243,0
DA:244,0
DA:248,0
DA:252,0
DA:253,0
DA:257,0
DA:262,0
DA:263,0
DA:265,0
DA:267,0
DA:268,0
DA:269,0
DA:271,0
DA:273,0
DA:275,0
DA:278,0
DA:281,0
DA:282,0
DA:283,0
DA:284,0
DA:285,0
DA:286,0
DA:287,0
DA:289,0
DA:292,0
DA:294,0
DA:295,0
DA:296,0
DA:297,0
DA:301,0
DA:302,0
DA:303,0
DA:311,0
DA:312,0
DA:313,0
DA:315,0
DA:319,1
DA:320,1
DA:324,1
DA:325,1
DA:326,1
DA:327,1
DA:331,0
DA:334,3
DA:338,3
DA:341,3
DA:342,0
DA:344,3
DA:345,0
DA:347,3
DA:350,3
DA:351,3
DA:352,0
DA:354,3
DA:355,0
DA:357,3
DA:361,3
DA:362,3
DA:363,2
DA:365,1
DA:366,0
DA:368,1
DA:372,1
DA:373,1
DA:375,1
LF:119
LH:31
BRDA:115,1,0,0
BRDA:115,1,1,0
BRDA:122,2,0,0
BRDA:122,2,1,0
BRDA:324,3,0,1
BRDA:324,3,1,0
BRDA:341,4,0,0
BRDA:341,4,1,3
BRDA:344,5,0,0
BRDA:344,5,1,3
BRDA:350,6,0,3
BRDA:350,6,1,0
BRDA:351,7,0,0
BRDA:351,7,1,3
BRDA:354,8,0,0
BRDA:354,8,1,3
BRDA:361,9,0,3
BRDA:361,9,1,0
BRDA:362,10,0,2
BRDA:362,10,1,1
BRDA:365,11,0,0
BRDA:365,11,1,1
BRF:22
BRH:10
end_of_record
TN:
SF:/home/sylph/dev/sfxdx_ru/libertas-sc/contracts/mock/MockToken.sol
FN:15,constructor
FN:19,setBlockTransfers
FN:23,setTransfersAllowed
FN:31,setBlockTransfersFrom
FN:35,setBalanceOf
FN:44,transfer
FN:62,transferFrom
FN:78,mint
FNF:8
FNH:3
FNDA:69,constructor
FNDA:0,setBlockTransfers
FNDA:0,setTransfersAllowed
FNDA:0,setBlockTransfersFrom
FNDA:0,setBalanceOf
FNDA:2,transfer
FNDA:1,transferFrom
FNDA:0,mint
DA:16,69
DA:20,0
DA:28,0
DA:32,0
DA:36,0
DA:37,0
DA:38,0
DA:40,0
DA:49,2
DA:50,0
DA:51,0
DA:52,0
DA:54,0
DA:57,2
DA:58,2
DA:67,1
DA:68,0
DA:69,0
DA:71,0
DA:74,1
DA:79,0
LF:21
LH:6
BRDA:37,1,0,0
BRDA:37,1,1,0
BRDA:39,2,0,0
BRDA:39,2,1,0
BRDA:49,3,0,0
BRDA:49,3,1,2
BRDA:50,4,0,0
BRDA:50,4,1,0
BRDA:67,5,0,0
BRDA:67,5,1,1
BRDA:68,6,0,0
BRDA:68,6,1,0
BRF:12
BRH:2
end_of_record
TN:
SF:/home/sylph/dev/sfxdx_ru/libertas-sc/contracts/proxy/LibertasProxyAdmin.sol
FNF:0
FNH:0
LF:0
LH:0
BRF:0
BRH:0
end_of_record
TN:
SF:/home/sylph/dev/sfxdx_ru/libertas-sc/contracts/proxy/LibertasUpgradeableProxy.sol
FN:22,constructor
FNF:1
FNH:0
FNDA:0,constructor
LF:0
LH:0
BRF:0
BRH:0
end_of_record
TN:
SF:/home/sylph/dev/sfxdx_ru/libertas-sc/contracts/StakingPool.sol
FN:24,onlyAdmin
FN:29,constructor
FN:34,deposit
FN:51,withdraw
FN:67,claim
FN:77,availableReward
FN:86,emergencyWithdraw
FN:95,supplyReward
FN:102,safeLIBERTASTransfer
FNF:9
FNH:9
FNDA:9,onlyAdmin
FNDA:27,constructor
FNDA:12,deposit
FNDA:9,withdraw
FNDA:5,claim
FNDA:2,availableReward
FNDA:1,emergencyWithdraw
FNDA:7,supplyReward
FNDA:7,safeLIBERTASTransfer
DA:25,9
DA:26,7
DA:30,27
DA:31,27
DA:35,12
DA:36,12
DA:37,2
DA:38,2
DA:39,1
DA:42,12
DA:43,11
DA:44,11
DA:45,11
DA:47,12
DA:48,12
DA:52,9
DA:53,9
DA:54,7
DA:55,7
DA:56,3
DA:58,7
DA:59,5
DA:60,5
DA:61,5
DA:63,7
DA:64,7
DA:68,5
DA:69,3
DA:70,3
DA:71,3
DA:72,2
DA:74,3
DA:78,2
DA:79,1
DA:81,1
DA:82,1
DA:83,1
DA:87,1
DA:88,1
DA:89,1
DA:90,1
DA:91,1
DA:92,1
DA:96,7
DA:97,1
DA:99,6
DA:103,7
DA:104,7
DA:105,1
DA:107,6
LF:50
LH:50
BRDA:25,1,0,7
BRDA:25,1,1,2
BRDA:36,2,0,2
BRDA:36,2,1,10
BRDA:38,3,0,1
BRDA:38,3,1,1
BRDA:42,4,0,11
BRDA:42,4,1,1
BRDA:53,5,0,7
BRDA:53,5,1,2
BRDA:55,6,0,3
BRDA:55,6,1,4
BRDA:58,7,0,5
BRDA:58,7,1,2
BRDA:68,8,0,3
BRDA:68,8,1,2
BRDA:71,9,0,2
BRDA:71,9,1,1
BRDA:78,10,0,1
BRDA:78,10,1,1
BRDA:96,11,0,1
BRDA:96,11,1,6
BRDA:104,12,0,1
BRDA:104,12,1,6
BRF:24
BRH:24
end_of_record
TN:
SF:/home/sylph/dev/sfxdx_ru/libertas-sc/contracts/Tipping.sol
FN:22,constructor
FN:38,validRate
FN:43,setStakingVaultAddress
FN:47,setLibertasAddress
FN:51,setFundVaultAddress
FN:55,setBurnRate
FN:60,setFundRate
FN:65,setRewardRate
FN:70,transfer
FN:82,_getValues
FNF:10
FNH:10
FNDA:27,constructor
FNDA:15,validRate
FNDA:1,setStakingVaultAddress
FNDA:1,setLibertasAddress
FNDA:1,setFundVaultAddress
FNDA:1,setBurnRate
FNDA:1,setFundRate
FNDA:1,setRewardRate
FNDA:2,transfer
FNDA:2,_getValues
DA:30,27
DA:31,27
DA:32,27
DA:33,27
DA:34,27
DA:35,27
DA:39,15
DA:40,9
DA:44,1
DA:48,1
DA:52,1
DA:56,1
DA:57,1
DA:61,1
DA:62,1
DA:66,1
DA:67,1
DA:71,2
DA:72,2
DA:73,2
DA:74,2
DA:75,2
DA:76,2
DA:77,2
DA:78,2
DA:79,2
DA:83,2
DA:84,2
DA:85,2
DA:86,2
DA:87,2
LF:31
LH:31
BRDA:39,1,0,9
BRDA:39,1,1,6
BRF:2
BRH:2
end_of_record
