TN:
SF:/home/sylph/dev/sfxdx_ru/libertas-sc/contracts/bridge/Bridge.sol
FN:31,onlyAtStart
FN:36,onlyAtEnd
FN:41,onlyMessangerBot
FN:46,onlyAdmin
FN:51,tokenIsAllowed
FN:56,constructor
FN:81,evacuateTokens
FN:86,setAllowedToken
FN:94,requestBridgingToEnd
FN:105,requestBridgingToStart
FN:121,performBridgingToEnd
FN:144,performBridgingToStart
FN:150,_cloneAndInitializeTokenAtEndForTokenAtStart
FN:172,getEndTokenByStartToken
FN:181,getStartTokenByEndToken
FNF:15
FNH:15
FNDA:8,onlyAtStart
FNDA:9,onlyAtEnd
FNDA:4,onlyMessangerBot
FNDA:9,onlyAdmin
FNDA:5,tokenIsAllowed
FNDA:16,constructor
FNDA:3,evacuateTokens
FNDA:2,setAllowedToken
FNDA:3,requestBridgingToEnd
FNDA:2,requestBridgingToStart
FNDA:3,performBridgingToEnd
FNDA:1,performBridgingToStart
FNDA:9,_cloneAndInitializeTokenAtEndForTokenAtStart
FNDA:7,getEndTokenByStartToken
FNDA:1,getStartTokenByEndToken
DA:32,8
DA:33,4
DA:37,9
DA:38,5
DA:42,4
DA:43,4
DA:47,9
DA:48,5
DA:52,5
DA:53,5
DA:64,16
DA:65,16
DA:66,16
DA:68,16
DA:69,8
DA:72,16
DA:73,16
DA:74,8
DA:76,8
DA:82,3
DA:83,1
DA:87,2
DA:95,3
DA:96,3
DA:97,3
DA:106,2
DA:107,2
DA:108,2
DA:123,3
DA:124,3
DA:125,1
DA:131,3
DA:132,3
DA:146,1
DA:147,1
DA:158,9
DA:159,9
DA:163,9
DA:164,9
DA:173,7
DA:174,8
DA:175,6
DA:178,1
DA:182,1
DA:183,1
DA:184,1
DA:187,0
LF:47
LH:46
BRDA:32,1,0,4
BRDA:32,1,1,4
BRDA:37,2,0,5
BRDA:37,2,1,4
BRDA:42,3,0,4
BRDA:42,3,1,0
BRDA:47,4,0,5
BRDA:47,4,1,4
BRDA:52,5,0,5
BRDA:52,5,1,0
BRDA:68,6,0,8
BRDA:68,6,1,8
BRDA:72,7,0,16
BRDA:72,7,1,0
BRDA:73,8,0,8
BRDA:73,8,1,8
BRDA:82,9,0,1
BRDA:82,9,1,2
BRDA:124,10,0,1
BRDA:124,10,1,2
BRDA:174,11,0,6
BRDA:174,11,1,2
BRDA:183,12,0,1
BRDA:183,12,1,0
BRF:24
BRH:20
end_of_record
TN:
SF:/home/sylph/dev/sfxdx_ru/libertas-sc/contracts/bridge/BridgedStandardERC20.sol
FN:17,constructor
FN:19,onlyBridge
FN:35,configure
FN:42,name
FN:46,symbol
FN:50,_transfer
FN:58,supportsInterface
FN:66,mint
FN:71,burn
FNF:9
FNH:5
FNDA:8,constructor
FNDA:5,onlyBridge
FNDA:17,configure
FNDA:0,name
FNDA:0,symbol
FNDA:0,_transfer
FNDA:0,supportsInterface
FNDA:3,mint
FNDA:2,burn
DA:20,5
DA:21,5
DA:36,17
DA:37,17
DA:38,17
DA:39,17
DA:43,0
DA:47,0
DA:51,0
DA:52,0
DA:54,0
DA:59,0
DA:60,0
DA:63,0
DA:67,3
DA:68,3
DA:72,2
DA:73,2
LF:18
LH:10
BRDA:20,1,0,5
BRDA:20,1,1,0
BRDA:51,2,0,0
BRDA:51,2,1,0
BRF:4
BRH:1
end_of_record
TN:
SF:/home/sylph/dev/sfxdx_ru/libertas-sc/contracts/ILibertasToken.sol
FNF:0
FNH:0
LF:0
LH:0
BRF:0
BRH:0
end_of_record
TN:
SF:/home/sylph/dev/sfxdx_ru/libertas-sc/contracts/interfaces/IBridge.sol
FNF:0
FNH:0
LF:0
LH:0
BRF:0
BRH:0
end_of_record
TN:
SF:/home/sylph/dev/sfxdx_ru/libertas-sc/contracts/interfaces/IBridgedStandardERC20.sol
FNF:0
FNH:0
LF:0
LH:0
BRF:0
BRH:0
end_of_record
TN:
SF:/home/sylph/dev/sfxdx_ru/libertas-sc/contracts/interfaces/IUniswapV2Factory.sol
FNF:0
FNH:0
LF:0
LH:0
BRF:0
BRH:0
end_of_record
TN:
SF:/home/sylph/dev/sfxdx_ru/libertas-sc/contracts/interfaces/IUniswapV2Router02.sol
FNF:0
FNH:0
LF:0
LH:0
BRF:0
BRH:0
end_of_record
TN:
SF:/home/sylph/dev/sfxdx_ru/libertas-sc/contracts/IStakingPool.sol
FNF:0
FNH:0
LF:0
LH:0
BRF:0
BRH:0
end_of_record
TN:
SF:/home/sylph/dev/sfxdx_ru/libertas-sc/contracts/LibertasToken.sol
FN:11,constructor
FN:13,configure
FN:17,approveAndCall
FN:24,_transfer
FN:32,decimals
FNF:5
FNH:3
FNDA:17,constructor
FNDA:17,configure
FNDA:0,approveAndCall
FNDA:29,_transfer
FNDA:0,decimals
DA:14,17
DA:18,0
DA:19,0
DA:20,0
DA:21,0
DA:25,29
DA:26,2
DA:28,27
DA:33,0
LF:9
LH:4
BRDA:20,1,0,0
BRDA:20,1,1,0
BRDA:25,2,0,2
BRDA:25,2,1,27
BRF:4
BRH:2
end_of_record
TN:
SF:/home/sylph/dev/sfxdx_ru/libertas-sc/contracts/mock/MockContract.sol
FN:108,constructor
FN:113,trackCalldataMock
FN:121,trackMethodIdMock
FN:128,_givenAnyReturn
FN:133,givenAnyReturn
FN:137,givenAnyReturnBool
FN:142,givenAnyReturnUint
FN:146,givenAnyReturnAddress
FN:150,givenAnyRevert
FN:155,givenAnyRevertWithMessage
FN:160,givenAnyRunOutOfGas
FN:164,_givenCalldataReturn
FN:170,givenCalldataReturn
FN:174,givenCalldataReturnBool
FN:179,givenCalldataReturnUint
FN:183,givenCalldataReturnAddress
FN:187,_givenMethodReturn
FN:194,givenMethodReturn
FN:198,givenMethodReturnBool
FN:203,givenMethodReturnUint
FN:207,givenMethodReturnAddress
FN:211,givenCalldataRevert
FN:217,givenMethodRevert
FN:223,givenCalldataRevertWithMessage
FN:229,givenMethodRevertWithMessage
FN:236,givenCalldataRunOutOfGas
FN:241,givenMethodRunOutOfGas
FN:247,invocationCount
FN:251,invocationCountForMethod
FN:256,invocationCountForCalldata
FN:260,reset
FN:300,useAllGas
FN:310,bytesToBytes4
FN:318,uintToBytes
FN:323,updateInvocationCount
FN:333,
FN:337,fallbackImpl
FNF:37
FNH:1
FNDA:8,constructor
FNDA:0,trackCalldataMock
FNDA:0,trackMethodIdMock
FNDA:0,_givenAnyReturn
FNDA:0,givenAnyReturn
FNDA:0,givenAnyReturnBool
FNDA:0,givenAnyReturnUint
FNDA:0,givenAnyReturnAddress
FNDA:0,givenAnyRevert
FNDA:0,givenAnyRevertWithMessage
FNDA:0,givenAnyRunOutOfGas
FNDA:0,_givenCalldataReturn
FNDA:0,givenCalldataReturn
FNDA:0,givenCalldataReturnBool
FNDA:0,givenCalldataReturnUint
FNDA:0,givenCalldataReturnAddress
FNDA:0,_givenMethodReturn
FNDA:0,givenMethodReturn
FNDA:0,givenMethodReturnBool
FNDA:0,givenMethodReturnUint
FNDA:0,givenMethodReturnAddress
FNDA:0,givenCalldataRevert
FNDA:0,givenMethodRevert
FNDA:0,givenCalldataRevertWithMessage
FNDA:0,givenMethodRevertWithMessage
FNDA:0,givenCalldataRunOutOfGas
FNDA:0,givenMethodRunOutOfGas
FNDA:0,invocationCount
FNDA:0,invocationCountForMethod
FNDA:0,invocationCountForCalldata
FNDA:0,reset
FNDA:0,useAllGas
FNDA:0,bytesToBytes4
FNDA:0,uintToBytes
FNDA:0,updateInvocationCount
FNDA:0,
FNDA:0,fallbackImpl
DA:109,8
DA:110,8
DA:114,0
DA:115,0
DA:116,0
DA:117,0
DA:122,0
DA:123,0
DA:124,0
DA:129,0
DA:130,0
DA:134,0
DA:138,0
DA:139,0
DA:143,0
DA:147,0
DA:151,0
DA:152,0
DA:156,0
DA:157,0
DA:161,0
DA:165,0
DA:166,0
DA:167,0
DA:171,0
DA:175,0
DA:176,0
DA:180,0
DA:184,0
DA:188,0
DA:189,0
DA:190,0
DA:191,0
DA:195,0
DA:199,0
DA:200,0
DA:204,0
DA:208,0
DA:212,0
DA:213,0
DA:214,0
DA:218,0
DA:219,0
DA:220,0
DA:224,0
DA:225,0
DA:226,0
DA:230,0
DA:231,0
DA:232,0
DA:233,0
DA:237,0
DA:238,0
DA:242,0
DA:243,0
DA:244,0
DA:248,0
DA:252,0
DA:253,0
DA:257,0
DA:262,0
DA:263,0
DA:265,0
DA:267,0
DA:268,0
DA:269,0
DA:271,0
DA:273,0
DA:275,0
DA:278,0
DA:281,0
DA:282,0
DA:283,0
DA:284,0
DA:285,0
DA:286,0
DA:287,0
DA:289,0
DA:292,0
DA:294,0
DA:295,0
DA:296,0
DA:297,0
DA:301,0
DA:302,0
DA:303,0
DA:311,0
DA:312,0
DA:313,0
DA:315,0
DA:319,0
DA:320,0
DA:324,0
DA:325,0
DA:326,0
DA:327,0
DA:331,0
DA:334,0
DA:338,0
DA:341,0
DA:342,0
DA:344,0
DA:345,0
DA:347,0
DA:350,0
DA:351,0
DA:352,0
DA:354,0
DA:355,0
DA:357,0
DA:361,0
DA:362,0
DA:363,0
DA:365,0
DA:366,0
DA:368,0
DA:372,0
DA:373,0
DA:375,0
LF:119
LH:2
BRDA:115,1,0,0
BRDA:115,1,1,0
BRDA:122,2,0,0
BRDA:122,2,1,0
BRDA:324,3,0,0
BRDA:324,3,1,0
BRDA:341,4,0,0
BRDA:341,4,1,0
BRDA:344,5,0,0
BRDA:344,5,1,0
BRDA:350,6,0,0
BRDA:350,6,1,0
BRDA:351,7,0,0
BRDA:351,7,1,0
BRDA:354,8,0,0
BRDA:354,8,1,0
BRDA:361,9,0,0
BRDA:361,9,1,0
BRDA:362,10,0,0
BRDA:362,10,1,0
BRDA:365,11,0,0
BRDA:365,11,1,0
BRF:22
BRH:0
end_of_record
TN:
SF:/home/sylph/dev/sfxdx_ru/libertas-sc/contracts/mock/MockToken.sol
FN:15,constructor
FN:19,setBlockTransfers
FN:23,setTransfersAllowed
FN:31,setBlockTransfersFrom
FN:35,setBalanceOf
FN:44,transfer
FN:62,transferFrom
FN:78,mint
FNF:8
FNH:3
FNDA:26,constructor
FNDA:0,setBlockTransfers
FNDA:0,setTransfersAllowed
FNDA:0,setBlockTransfersFrom
FNDA:0,setBalanceOf
FNDA:2,transfer
FNDA:1,transferFrom
FNDA:0,mint
DA:16,26
DA:20,0
DA:28,0
DA:32,0
DA:36,0
DA:37,0
DA:38,0
DA:40,0
DA:49,2
DA:50,0
DA:51,0
DA:52,0
DA:54,0
DA:57,2
DA:58,2
DA:67,1
DA:68,0
DA:69,0
DA:71,0
DA:74,1
DA:79,0
LF:21
LH:6
BRDA:37,1,0,0
BRDA:37,1,1,0
BRDA:39,2,0,0
BRDA:39,2,1,0
BRDA:49,3,0,0
BRDA:49,3,1,2
BRDA:50,4,0,0
BRDA:50,4,1,0
BRDA:67,5,0,0
BRDA:67,5,1,1
BRDA:68,6,0,0
BRDA:68,6,1,0
BRF:12
BRH:2
end_of_record
TN:
SF:/home/sylph/dev/sfxdx_ru/libertas-sc/contracts/proxy/LibertasProxyAdmin.sol
FNF:0
FNH:0
LF:0
LH:0
BRF:0
BRH:0
end_of_record
TN:
SF:/home/sylph/dev/sfxdx_ru/libertas-sc/contracts/proxy/LibertasUpgradeableProxy.sol
FN:22,constructor
FNF:1
FNH:0
FNDA:0,constructor
LF:0
LH:0
BRF:0
BRH:0
end_of_record
TN:
SF:/home/sylph/dev/sfxdx_ru/libertas-sc/contracts/StakingPool.sol
FN:19,constructor
FN:23,deposit
FN:40,withdraw
FN:56,claim
FN:68,availableReward
FN:77,emergencyWithdraw
FN:86,supplyReward
FN:93,safeLIBERTASTransfer
FNF:8
FNH:6
FNDA:9,constructor
FNDA:4,deposit
FNDA:3,withdraw
FNDA:2,claim
FNDA:0,availableReward
FNDA:0,emergencyWithdraw
FNDA:2,supplyReward
FNDA:2,safeLIBERTASTransfer
DA:20,9
DA:24,4
DA:25,4
DA:26,0
DA:27,0
DA:28,0
DA:31,4
DA:32,4
DA:33,4
DA:34,4
DA:36,4
DA:37,4
DA:41,3
DA:42,3
DA:43,3
DA:44,3
DA:45,0
DA:47,3
DA:48,3
DA:49,3
DA:50,3
DA:52,3
DA:53,3
DA:57,2
DA:58,0
DA:60,2
DA:61,2
DA:62,2
DA:63,2
DA:65,2
DA:69,0
DA:70,0
DA:72,0
DA:73,0
DA:74,0
DA:78,0
DA:79,0
DA:80,0
DA:81,0
DA:82,0
DA:83,0
DA:87,2
DA:88,1
DA:90,1
DA:94,2
DA:95,2
DA:96,0
DA:98,2
LF:48
LH:31
BRDA:25,1,0,0
BRDA:25,1,1,4
BRDA:27,2,0,0
BRDA:27,2,1,0
BRDA:31,3,0,4
BRDA:31,3,1,0
BRDA:32,4,0,4
BRDA:32,4,1,0
BRDA:42,5,0,3
BRDA:42,5,1,0
BRDA:44,6,0,0
BRDA:44,6,1,3
BRDA:47,7,0,3
BRDA:47,7,1,0
BRDA:57,8,0,0
BRDA:57,8,1,2
BRDA:62,9,0,2
BRDA:62,9,1,0
BRDA:69,10,0,0
BRDA:69,10,1,0
BRDA:87,11,0,1
BRDA:87,11,1,1
BRDA:95,12,0,0
BRDA:95,12,1,2
BRF:24
BRH:11
end_of_record
TN:
SF:/home/sylph/dev/sfxdx_ru/libertas-sc/contracts/Tipping.sol
FN:19,constructor
FN:35,validRate
FN:40,setStakingVaultAddress
FN:44,setLibertasAddress
FN:48,setFundVaultAddress
FN:52,setBurnRate
FN:57,setFundRate
FN:62,setRewardRate
FN:67,transfer
FN:80,_transferFrom
FN:84,_transfer
FN:88,_validateTransfer
FN:94,_getValues
FNF:13
FNH:5
FNDA:9,constructor
FNDA:0,validRate
FNDA:0,setStakingVaultAddress
FNDA:0,setLibertasAddress
FNDA:0,setFundVaultAddress
FNDA:0,setBurnRate
FNDA:0,setFundRate
FNDA:0,setRewardRate
FNDA:2,transfer
FNDA:0,_transferFrom
FNDA:8,_transfer
FNDA:2,_validateTransfer
FNDA:2,_getValues
DA:27,9
DA:28,9
DA:29,9
DA:30,9
DA:31,9
DA:32,9
DA:36,0
DA:37,0
DA:41,0
DA:45,0
DA:49,0
DA:53,0
DA:54,0
DA:58,0
DA:59,0
DA:63,0
DA:64,0
DA:68,2
DA:70,2
DA:71,2
DA:72,2
DA:73,2
DA:74,2
DA:76,2
DA:77,2
DA:81,0
DA:85,8
DA:89,2
DA:90,2
DA:91,2
DA:95,2
DA:96,2
DA:97,2
DA:98,2
DA:100,2
LF:35
LH:23
BRDA:36,1,0,0
BRDA:36,1,1,0
BRDA:90,2,0,2
BRDA:90,2,1,0
BRDA:91,3,0,2
BRDA:91,3,1,0
BRF:6
BRH:2
end_of_record
